13:41:48[Info]: ************* LOLkit启动 v2.9.9.2 *************
13:41:48[Info]: 检测到游戏路径: f:\lol\tcls\client.exe
13:41:49[Trace]: GetProfile  Error:  https://raw.githubusercontent.com/ping11700/LOLkit/main/profile
13:41:49[Error]-GetP: 远程服务器返回错误: (404) 未找到。
   在 System.Net.WebClient.DownloadDataInternal(Uri address, WebRequest& request)
   在 System.Net.WebClient.DownloadString(Uri address)
   在 LOLkit.Network.GitClient.GetProfile()
13:41:51[Trace]: GetStringAsync /lol-match-history/v1/products/lol//matches ex: System.InvalidOperationException: 提供的请求 URI 无效。请求 URI 必须为绝对 URI 或必须设置 BaseAddress。
   在 System.Net.Http.HttpClient.PrepareRequestMessage(HttpRequestMessage request)
   在 System.Net.Http.HttpClient.SendAsync(HttpRequestMessage request, HttpCompletionOption completionOption, CancellationToken cancellationToken)
   在 System.Net.Http.HttpClient.GetAsync(Uri requestUri, HttpCompletionOption completionOption, CancellationToken cancellationToken)
   在 System.Net.Http.HttpClient.GetAsync(String requestUri)
   在 LOLkit.Network.RequestService.<GetStringAsync>d__21.MoveNext()
13:41:55[Trace]: GetProfile  Error:  https://raw.githubusercontent.com/ping11700/LOLkit/main/profile
13:41:55[Error]-GetP: 远程服务器返回错误: (404) 未找到。
   在 System.Net.WebClient.DownloadDataInternal(Uri address, WebRequest& request)
   在 System.Net.WebClient.DownloadString(Uri address)
   在 LOLkit.Network.GitClient.GetProfile()
13:42:00[Trace]: GetProfile  Error:  https://raw.githubusercontent.com/ping11700/LOLkit/main/profile
13:42:00[Error]-GetP: 远程服务器返回错误: (404) 未找到。
   在 System.Net.WebClient.DownloadDataInternal(Uri address, WebRequest& request)
   在 System.Net.WebClient.DownloadString(Uri address)
   在 LOLkit.Network.GitClient.GetProfile()
13:42:04[Trace]: GetProfile  Error:  https://raw.githubusercontent.com/ping11700/LOLkit/main/profile
13:42:04[Error]-GetP: 远程服务器返回错误: (404) 未找到。
   在 System.Net.WebClient.DownloadDataInternal(Uri address, WebRequest& request)
   在 System.Net.WebClient.DownloadString(Uri address)
   在 LOLkit.Network.GitClient.GetProfile()
13:42:10[Trace]: GetProfile  Error:  https://raw.githubusercontent.com/ping11700/LOLkit/main/profile
13:42:10[Error]-GetP: 远程服务器返回错误: (404) 未找到。
   在 System.Net.WebClient.DownloadDataInternal(Uri address, WebRequest& request)
   在 System.Net.WebClient.DownloadString(Uri address)
   在 LOLkit.Network.GitClient.GetProfile()
13:42:15[Trace]: GetProfile  Error:  https://raw.githubusercontent.com/ping11700/LOLkit/main/profile
13:42:15[Error]-GetP: 远程服务器返回错误: (404) 未找到。
   在 System.Net.WebClient.DownloadDataInternal(Uri address, WebRequest& request)
   在 System.Net.WebClient.DownloadString(Uri address)
   在 LOLkit.Network.GitClient.GetProfile()
13:42:19[Trace]: GetProfile  Error:  https://raw.githubusercontent.com/ping11700/LOLkit/main/profile
13:42:19[Error]-GetP: 远程服务器返回错误: (404) 未找到。
   在 System.Net.WebClient.DownloadDataInternal(Uri address, WebRequest& request)
   在 System.Net.WebClient.DownloadString(Uri address)
   在 LOLkit.Network.GitClient.GetProfile()
13:53:52[Info]: ************* LOLkit启动 v2.9.9.2 *************
13:53:52[Info]: 检测到游戏路径: f:\lol\tcls\client.exe
13:53:54[Trace]: GetStringAsync /lol-match-history/v1/products/lol//matches ex: System.InvalidOperationException: 提供的请求 URI 无效。请求 URI 必须为绝对 URI 或必须设置 BaseAddress。
   在 System.Net.Http.HttpClient.PrepareRequestMessage(HttpRequestMessage request)
   在 System.Net.Http.HttpClient.SendAsync(HttpRequestMessage request, HttpCompletionOption completionOption, CancellationToken cancellationToken)
   在 System.Net.Http.HttpClient.GetAsync(Uri requestUri, HttpCompletionOption completionOption, CancellationToken cancellationToken)
   在 System.Net.Http.HttpClient.GetAsync(String requestUri)
   在 LOLkit.Network.RequestService.<GetStringAsync>d__21.MoveNext()
15:10:25[Info]: ************* LOLkit启动 v2.9.9.2 *************
15:10:25[Info]: 检测到游戏路径: f:\lol\tcls\client.exe
15:10:27[Trace]: GetStringAsync /lol-match-history/v1/products/lol//matches ex: System.InvalidOperationException: 提供的请求 URI 无效。请求 URI 必须为绝对 URI 或必须设置 BaseAddress。
   在 System.Net.Http.HttpClient.PrepareRequestMessage(HttpRequestMessage request)
   在 System.Net.Http.HttpClient.SendAsync(HttpRequestMessage request, HttpCompletionOption completionOption, CancellationToken cancellationToken)
   在 System.Net.Http.HttpClient.GetAsync(Uri requestUri, HttpCompletionOption completionOption, CancellationToken cancellationToken)
   在 System.Net.Http.HttpClient.GetAsync(String requestUri)
   在 LOLkit.Network.RequestService.<GetStringAsync>d__21.MoveNext()
15:11:29[Trace]: GetJsonResponseAsync /lol-summoner/v1/current-summoner ex: System.InvalidOperationException: 提供的请求 URI 无效。请求 URI 必须为绝对 URI 或必须设置 BaseAddress。
   在 System.Net.Http.HttpClient.PrepareRequestMessage(HttpRequestMessage request)
   在 System.Net.Http.HttpClient.SendAsync(HttpRequestMessage request, HttpCompletionOption completionOption, CancellationToken cancellationToken)
   在 System.Net.Http.HttpClient.SendAsync(HttpRequestMessage request)
   在 System.Dynamic.UpdateDelegates.UpdateAndExecute2[T0,T1,TRet](CallSite site, T0 arg0, T1 arg1)
   在 LOLkit.Network.RequestService.<GetJsonResponseAsync>d__20.MoveNext()
15:12:27[Trace]: GetStringAsync /lol-match-history/v1/products/lol//matches ex: System.InvalidOperationException: 提供的请求 URI 无效。请求 URI 必须为绝对 URI 或必须设置 BaseAddress。
   在 System.Net.Http.HttpClient.PrepareRequestMessage(HttpRequestMessage request)
   在 System.Net.Http.HttpClient.SendAsync(HttpRequestMessage request, HttpCompletionOption completionOption, CancellationToken cancellationToken)
   在 System.Net.Http.HttpClient.GetAsync(Uri requestUri, HttpCompletionOption completionOption, CancellationToken cancellationToken)
   在 System.Net.Http.HttpClient.GetAsync(String requestUri)
   在 LOLkit.Network.RequestService.<GetStringAsync>d__21.MoveNext()
15:14:27[Trace]: GetStringAsync /lol-match-history/v1/products/lol//matches ex: System.InvalidOperationException: 提供的请求 URI 无效。请求 URI 必须为绝对 URI 或必须设置 BaseAddress。
   在 System.Net.Http.HttpClient.PrepareRequestMessage(HttpRequestMessage request)
   在 System.Net.Http.HttpClient.SendAsync(HttpRequestMessage request, HttpCompletionOption completionOption, CancellationToken cancellationToken)
   在 System.Net.Http.HttpClient.GetAsync(Uri requestUri, HttpCompletionOption completionOption, CancellationToken cancellationToken)
   在 System.Net.Http.HttpClient.GetAsync(String requestUri)
   在 LOLkit.Network.RequestService.<GetStringAsync>d__21.MoveNext()
15:16:28[Trace]: GetStringAsync /lol-match-history/v1/products/lol//matches ex: System.InvalidOperationException: 提供的请求 URI 无效。请求 URI 必须为绝对 URI 或必须设置 BaseAddress。
   在 System.Net.Http.HttpClient.PrepareRequestMessage(HttpRequestMessage request)
   在 System.Net.Http.HttpClient.SendAsync(HttpRequestMessage request, HttpCompletionOption completionOption, CancellationToken cancellationToken)
   在 System.Net.Http.HttpClient.GetAsync(Uri requestUri, HttpCompletionOption completionOption, CancellationToken cancellationToken)
   在 System.Net.Http.HttpClient.GetAsync(String requestUri)
   在 LOLkit.Network.RequestService.<GetStringAsync>d__21.MoveNext()
15:18:28[Trace]: GetStringAsync /lol-match-history/v1/products/lol//matches ex: System.InvalidOperationException: 提供的请求 URI 无效。请求 URI 必须为绝对 URI 或必须设置 BaseAddress。
   在 System.Net.Http.HttpClient.PrepareRequestMessage(HttpRequestMessage request)
   在 System.Net.Http.HttpClient.SendAsync(HttpRequestMessage request, HttpCompletionOption completionOption, CancellationToken cancellationToken)
   在 System.Net.Http.HttpClient.GetAsync(Uri requestUri, HttpCompletionOption completionOption, CancellationToken cancellationToken)
   在 System.Net.Http.HttpClient.GetAsync(String requestUri)
   在 LOLkit.Network.RequestService.<GetStringAsync>d__21.MoveNext()
15:20:28[Trace]: GetStringAsync /lol-match-history/v1/products/lol//matches ex: System.InvalidOperationException: 提供的请求 URI 无效。请求 URI 必须为绝对 URI 或必须设置 BaseAddress。
   在 System.Net.Http.HttpClient.PrepareRequestMessage(HttpRequestMessage request)
   在 System.Net.Http.HttpClient.SendAsync(HttpRequestMessage request, HttpCompletionOption completionOption, CancellationToken cancellationToken)
   在 System.Net.Http.HttpClient.GetAsync(Uri requestUri, HttpCompletionOption completionOption, CancellationToken cancellationToken)
   在 System.Net.Http.HttpClient.GetAsync(String requestUri)
   在 LOLkit.Network.RequestService.<GetStringAsync>d__21.MoveNext()
15:22:28[Trace]: GetStringAsync /lol-match-history/v1/products/lol//matches ex: System.InvalidOperationException: 提供的请求 URI 无效。请求 URI 必须为绝对 URI 或必须设置 BaseAddress。
   在 System.Net.Http.HttpClient.PrepareRequestMessage(HttpRequestMessage request)
   在 System.Net.Http.HttpClient.SendAsync(HttpRequestMessage request, HttpCompletionOption completionOption, CancellationToken cancellationToken)
   在 System.Net.Http.HttpClient.GetAsync(Uri requestUri, HttpCompletionOption completionOption, CancellationToken cancellationToken)
   在 System.Net.Http.HttpClient.GetAsync(String requestUri)
   在 LOLkit.Network.RequestService.<GetStringAsync>d__21.MoveNext()
15:24:28[Trace]: GetStringAsync /lol-match-history/v1/products/lol//matches ex: System.InvalidOperationException: 提供的请求 URI 无效。请求 URI 必须为绝对 URI 或必须设置 BaseAddress。
   在 System.Net.Http.HttpClient.PrepareRequestMessage(HttpRequestMessage request)
   在 System.Net.Http.HttpClient.SendAsync(HttpRequestMessage request, HttpCompletionOption completionOption, CancellationToken cancellationToken)
   在 System.Net.Http.HttpClient.GetAsync(Uri requestUri, HttpCompletionOption completionOption, CancellationToken cancellationToken)
   在 System.Net.Http.HttpClient.GetAsync(String requestUri)
   在 LOLkit.Network.RequestService.<GetStringAsync>d__21.MoveNext()
15:26:28[Trace]: GetStringAsync /lol-match-history/v1/products/lol//matches ex: System.InvalidOperationException: 提供的请求 URI 无效。请求 URI 必须为绝对 URI 或必须设置 BaseAddress。
   在 System.Net.Http.HttpClient.PrepareRequestMessage(HttpRequestMessage request)
   在 System.Net.Http.HttpClient.SendAsync(HttpRequestMessage request, HttpCompletionOption completionOption, CancellationToken cancellationToken)
   在 System.Net.Http.HttpClient.GetAsync(Uri requestUri, HttpCompletionOption completionOption, CancellationToken cancellationToken)
   在 System.Net.Http.HttpClient.GetAsync(String requestUri)
   在 LOLkit.Network.RequestService.<GetStringAsync>d__21.MoveNext()
15:28:28[Trace]: GetStringAsync /lol-match-history/v1/products/lol//matches ex: System.InvalidOperationException: 提供的请求 URI 无效。请求 URI 必须为绝对 URI 或必须设置 BaseAddress。
   在 System.Net.Http.HttpClient.PrepareRequestMessage(HttpRequestMessage request)
   在 System.Net.Http.HttpClient.SendAsync(HttpRequestMessage request, HttpCompletionOption completionOption, CancellationToken cancellationToken)
   在 System.Net.Http.HttpClient.GetAsync(Uri requestUri, HttpCompletionOption completionOption, CancellationToken cancellationToken)
   在 System.Net.Http.HttpClient.GetAsync(String requestUri)
   在 LOLkit.Network.RequestService.<GetStringAsync>d__21.MoveNext()
15:30:28[Trace]: GetStringAsync /lol-match-history/v1/products/lol//matches ex: System.InvalidOperationException: 提供的请求 URI 无效。请求 URI 必须为绝对 URI 或必须设置 BaseAddress。
   在 System.Net.Http.HttpClient.PrepareRequestMessage(HttpRequestMessage request)
   在 System.Net.Http.HttpClient.SendAsync(HttpRequestMessage request, HttpCompletionOption completionOption, CancellationToken cancellationToken)
   在 System.Net.Http.HttpClient.GetAsync(Uri requestUri, HttpCompletionOption completionOption, CancellationToken cancellationToken)
   在 System.Net.Http.HttpClient.GetAsync(String requestUri)
   在 LOLkit.Network.RequestService.<GetStringAsync>d__21.MoveNext()
15:32:28[Trace]: GetStringAsync /lol-match-history/v1/products/lol//matches ex: System.InvalidOperationException: 提供的请求 URI 无效。请求 URI 必须为绝对 URI 或必须设置 BaseAddress。
   在 System.Net.Http.HttpClient.PrepareRequestMessage(HttpRequestMessage request)
   在 System.Net.Http.HttpClient.SendAsync(HttpRequestMessage request, HttpCompletionOption completionOption, CancellationToken cancellationToken)
   在 System.Net.Http.HttpClient.GetAsync(Uri requestUri, HttpCompletionOption completionOption, CancellationToken cancellationToken)
   在 System.Net.Http.HttpClient.GetAsync(String requestUri)
   在 LOLkit.Network.RequestService.<GetStringAsync>d__21.MoveNext()
15:34:28[Trace]: GetStringAsync /lol-match-history/v1/products/lol//matches ex: System.InvalidOperationException: 提供的请求 URI 无效。请求 URI 必须为绝对 URI 或必须设置 BaseAddress。
   在 System.Net.Http.HttpClient.PrepareRequestMessage(HttpRequestMessage request)
   在 System.Net.Http.HttpClient.SendAsync(HttpRequestMessage request, HttpCompletionOption completionOption, CancellationToken cancellationToken)
   在 System.Net.Http.HttpClient.GetAsync(Uri requestUri, HttpCompletionOption completionOption, CancellationToken cancellationToken)
   在 System.Net.Http.HttpClient.GetAsync(String requestUri)
   在 LOLkit.Network.RequestService.<GetStringAsync>d__21.MoveNext()
15:36:28[Trace]: GetStringAsync /lol-match-history/v1/products/lol//matches ex: System.InvalidOperationException: 提供的请求 URI 无效。请求 URI 必须为绝对 URI 或必须设置 BaseAddress。
   在 System.Net.Http.HttpClient.PrepareRequestMessage(HttpRequestMessage request)
   在 System.Net.Http.HttpClient.SendAsync(HttpRequestMessage request, HttpCompletionOption completionOption, CancellationToken cancellationToken)
   在 System.Net.Http.HttpClient.GetAsync(Uri requestUri, HttpCompletionOption completionOption, CancellationToken cancellationToken)
   在 System.Net.Http.HttpClient.GetAsync(String requestUri)
   在 LOLkit.Network.RequestService.<GetStringAsync>d__21.MoveNext()
15:38:28[Trace]: GetStringAsync /lol-match-history/v1/products/lol//matches ex: System.InvalidOperationException: 提供的请求 URI 无效。请求 URI 必须为绝对 URI 或必须设置 BaseAddress。
   在 System.Net.Http.HttpClient.PrepareRequestMessage(HttpRequestMessage request)
   在 System.Net.Http.HttpClient.SendAsync(HttpRequestMessage request, HttpCompletionOption completionOption, CancellationToken cancellationToken)
   在 System.Net.Http.HttpClient.GetAsync(Uri requestUri, HttpCompletionOption completionOption, CancellationToken cancellationToken)
   在 System.Net.Http.HttpClient.GetAsync(String requestUri)
   在 LOLkit.Network.RequestService.<GetStringAsync>d__21.MoveNext()
15:40:28[Trace]: GetStringAsync /lol-match-history/v1/products/lol//matches ex: System.InvalidOperationException: 提供的请求 URI 无效。请求 URI 必须为绝对 URI 或必须设置 BaseAddress。
   在 System.Net.Http.HttpClient.PrepareRequestMessage(HttpRequestMessage request)
   在 System.Net.Http.HttpClient.SendAsync(HttpRequestMessage request, HttpCompletionOption completionOption, CancellationToken cancellationToken)
   在 System.Net.Http.HttpClient.GetAsync(Uri requestUri, HttpCompletionOption completionOption, CancellationToken cancellationToken)
   在 System.Net.Http.HttpClient.GetAsync(String requestUri)
   在 LOLkit.Network.RequestService.<GetStringAsync>d__21.MoveNext()
15:42:28[Trace]: GetStringAsync /lol-match-history/v1/products/lol//matches ex: System.InvalidOperationException: 提供的请求 URI 无效。请求 URI 必须为绝对 URI 或必须设置 BaseAddress。
   在 System.Net.Http.HttpClient.PrepareRequestMessage(HttpRequestMessage request)
   在 System.Net.Http.HttpClient.SendAsync(HttpRequestMessage request, HttpCompletionOption completionOption, CancellationToken cancellationToken)
   在 System.Net.Http.HttpClient.GetAsync(Uri requestUri, HttpCompletionOption completionOption, CancellationToken cancellationToken)
   在 System.Net.Http.HttpClient.GetAsync(String requestUri)
   在 LOLkit.Network.RequestService.<GetStringAsync>d__21.MoveNext()
15:44:28[Trace]: GetStringAsync /lol-match-history/v1/products/lol//matches ex: System.InvalidOperationException: 提供的请求 URI 无效。请求 URI 必须为绝对 URI 或必须设置 BaseAddress。
   在 System.Net.Http.HttpClient.PrepareRequestMessage(HttpRequestMessage request)
   在 System.Net.Http.HttpClient.SendAsync(HttpRequestMessage request, HttpCompletionOption completionOption, CancellationToken cancellationToken)
   在 System.Net.Http.HttpClient.GetAsync(Uri requestUri, HttpCompletionOption completionOption, CancellationToken cancellationToken)
   在 System.Net.Http.HttpClient.GetAsync(String requestUri)
   在 LOLkit.Network.RequestService.<GetStringAsync>d__21.MoveNext()
15:46:29[Trace]: GetStringAsync /lol-match-history/v1/products/lol//matches ex: System.InvalidOperationException: 提供的请求 URI 无效。请求 URI 必须为绝对 URI 或必须设置 BaseAddress。
   在 System.Net.Http.HttpClient.PrepareRequestMessage(HttpRequestMessage request)
   在 System.Net.Http.HttpClient.SendAsync(HttpRequestMessage request, HttpCompletionOption completionOption, CancellationToken cancellationToken)
   在 System.Net.Http.HttpClient.GetAsync(Uri requestUri, HttpCompletionOption completionOption, CancellationToken cancellationToken)
   在 System.Net.Http.HttpClient.GetAsync(String requestUri)
   在 LOLkit.Network.RequestService.<GetStringAsync>d__21.MoveNext()
15:48:29[Trace]: GetStringAsync /lol-match-history/v1/products/lol//matches ex: System.InvalidOperationException: 提供的请求 URI 无效。请求 URI 必须为绝对 URI 或必须设置 BaseAddress。
   在 System.Net.Http.HttpClient.PrepareRequestMessage(HttpRequestMessage request)
   在 System.Net.Http.HttpClient.SendAsync(HttpRequestMessage request, HttpCompletionOption completionOption, CancellationToken cancellationToken)
   在 System.Net.Http.HttpClient.GetAsync(Uri requestUri, HttpCompletionOption completionOption, CancellationToken cancellationToken)
   在 System.Net.Http.HttpClient.GetAsync(String requestUri)
   在 LOLkit.Network.RequestService.<GetStringAsync>d__21.MoveNext()
15:50:29[Trace]: GetStringAsync /lol-match-history/v1/products/lol//matches ex: System.InvalidOperationException: 提供的请求 URI 无效。请求 URI 必须为绝对 URI 或必须设置 BaseAddress。
   在 System.Net.Http.HttpClient.PrepareRequestMessage(HttpRequestMessage request)
   在 System.Net.Http.HttpClient.SendAsync(HttpRequestMessage request, HttpCompletionOption completionOption, CancellationToken cancellationToken)
   在 System.Net.Http.HttpClient.GetAsync(Uri requestUri, HttpCompletionOption completionOption, CancellationToken cancellationToken)
   在 System.Net.Http.HttpClient.GetAsync(String requestUri)
   在 LOLkit.Network.RequestService.<GetStringAsync>d__21.MoveNext()
15:51:18[Info]: ************* LOLkit启动 v2.9.9.2 *************
15:51:18[Info]: 检测到游戏路径: f:\lol\tcls\client.exe
15:51:22[Trace]: GetStringAsync /lol-match-history/v1/products/lol//matches ex: System.InvalidOperationException: 提供的请求 URI 无效。请求 URI 必须为绝对 URI 或必须设置 BaseAddress。
   在 System.Net.Http.HttpClient.PrepareRequestMessage(HttpRequestMessage request)
   在 System.Net.Http.HttpClient.SendAsync(HttpRequestMessage request, HttpCompletionOption completionOption, CancellationToken cancellationToken)
   在 System.Net.Http.HttpClient.GetAsync(Uri requestUri, HttpCompletionOption completionOption, CancellationToken cancellationToken)
   在 System.Net.Http.HttpClient.GetAsync(String requestUri)
   在 LOLkit.Network.RequestService.<GetStringAsync>d__21.MoveNext()
